app/build/intermediates/manifest_merge_blame_file/debug/manifest-merger-blame-debug-report.txt
1<?xml version="1.0" encoding="utf-8"?>
2<manifest xmlns:android="http://schemas.android.com/apk/res/android"
3    package="com.kdrama.app"
4    android:versionCode="2"
5    android:versionName="1.0.1" >
6
7    <uses-sdk
8        android:minSdkVersion="19"
8-->src\main\AndroidManifest.xml
9        android:targetSdkVersion="29" />
9-->src\main\AndroidManifest.xml
10
11    <uses-feature
11-->src\main\AndroidManifest.xml:7:5-9:36
12        android:name="android.software.leanback"
12-->src\main\AndroidManifest.xml:8:9-49
13        android:required="false" />
13-->src\main\AndroidManifest.xml:9:9-33
14    <uses-feature
14-->src\main\AndroidManifest.xml:10:5-12:36
15        android:name="android.hardware.touchscreen"
15-->src\main\AndroidManifest.xml:11:9-52
16        android:required="false" />
16-->src\main\AndroidManifest.xml:12:9-33
17
18    <uses-permission android:name="android.permission.INTERNET" />
18-->src\main\AndroidManifest.xml:14:5-67
18-->src\main\AndroidManifest.xml:14:22-64
19    <uses-permission android:name="android.permission.ACCESS_NETWORK_STATE" />
19-->src\main\AndroidManifest.xml:15:5-79
19-->src\main\AndroidManifest.xml:15:22-76
20    <uses-permission android:name="android.permission.READ_EXTERNAL_STORAGE" />
20-->src\main\AndroidManifest.xml:16:5-80
20-->src\main\AndroidManifest.xml:16:22-77
21    <uses-permission android:name="android.permission.READ_INTERNAL_STORAGE" />
21-->src\main\AndroidManifest.xml:17:5-80
21-->src\main\AndroidManifest.xml:17:22-77
22    <uses-permission android:name="android.permission.WRITE_EXTERNAL_STORAGE" />
22-->src\main\AndroidManifest.xml:18:5-81
22-->src\main\AndroidManifest.xml:18:22-78
23    <uses-permission android:name="android.permission.WRITE_INTERNAL_STORAGE" />
23-->src\main\AndroidManifest.xml:19:5-81
23-->src\main\AndroidManifest.xml:19:22-78
24    <uses-permission android:name="android.permission.ACCESS_WIFI_STATE" /> <!-- Create a unique permission for your app and use it so only your app can receive your OneSignal messages. -->
24-->[com.google.android.libraries.cast.companionlibrary:ccl:2.8.4] AndroidManifest.xml:26:5-76
24-->[com.google.android.libraries.cast.companionlibrary:ccl:2.8.4] AndroidManifest.xml:26:22-73
25    <permission
25-->[com.onesignal:OneSignal:3.12.2] AndroidManifest.xml:7:5-9:47
26        android:name="com.kdrama.app.permission.C2D_MESSAGE"
26-->[com.onesignal:OneSignal:3.12.2] AndroidManifest.xml:8:9-63
27        android:protectionLevel="signature" />
27-->[com.onesignal:OneSignal:3.12.2] AndroidManifest.xml:9:9-44
28
29    <uses-permission android:name="com.kdrama.app.permission.C2D_MESSAGE" />
29-->[com.onesignal:OneSignal:3.12.2] AndroidManifest.xml:11:5-79
29-->[com.onesignal:OneSignal:3.12.2] AndroidManifest.xml:11:22-76
30    <uses-permission android:name="com.google.android.c2dm.permission.RECEIVE" /> <!-- Required, makes sure notifications are delivered on time. -->
30-->[com.onesignal:OneSignal:3.12.2] AndroidManifest.xml:17:5-82
30-->[com.onesignal:OneSignal:3.12.2] AndroidManifest.xml:17:22-79
31    <uses-permission android:name="android.permission.WAKE_LOCK" />
31-->[com.onesignal:OneSignal:3.12.2] AndroidManifest.xml:18:5-68
31-->[com.onesignal:OneSignal:3.12.2] AndroidManifest.xml:18:22-65
32    <!--
33 Required so the device vibrates on receiving a push notification.
34         Vibration settings of the device still apply.
35    -->
36    <uses-permission android:name="android.permission.VIBRATE" />
36-->[com.onesignal:OneSignal:3.12.2] AndroidManifest.xml:23:5-66
36-->[com.onesignal:OneSignal:3.12.2] AndroidManifest.xml:23:22-63
37    <!--
38 Use to restore notifications the user hasn't interacted with.
39         They could be missed notifications if the user reboots their device if this isn't in place.
40    -->
41    <uses-permission android:name="android.permission.RECEIVE_BOOT_COMPLETED" /> <!-- START: ShortcutBadger -->
41-->[com.onesignal:OneSignal:3.12.2] AndroidManifest.xml:29:5-81
41-->[com.onesignal:OneSignal:3.12.2] AndroidManifest.xml:29:22-78
42    <!-- Samsung -->
43    <uses-permission android:name="com.sec.android.provider.badge.permission.READ" />
43-->[com.onesignal:OneSignal:3.12.2] AndroidManifest.xml:31:5-86
43-->[com.onesignal:OneSignal:3.12.2] AndroidManifest.xml:31:22-83
44    <uses-permission android:name="com.sec.android.provider.badge.permission.WRITE" /> <!-- HTC -->
44-->[com.onesignal:OneSignal:3.12.2] AndroidManifest.xml:32:5-87
44-->[com.onesignal:OneSignal:3.12.2] AndroidManifest.xml:32:22-84
45    <uses-permission android:name="com.htc.launcher.permission.READ_SETTINGS" />
45-->[com.onesignal:OneSignal:3.12.2] AndroidManifest.xml:33:5-81
45-->[com.onesignal:OneSignal:3.12.2] AndroidManifest.xml:33:22-78
46    <uses-permission android:name="com.htc.launcher.permission.UPDATE_SHORTCUT" /> <!-- Sony -->
46-->[com.onesignal:OneSignal:3.12.2] AndroidManifest.xml:34:5-83
46-->[com.onesignal:OneSignal:3.12.2] AndroidManifest.xml:34:22-80
47    <uses-permission android:name="com.sonyericsson.home.permission.BROADCAST_BADGE" />
47-->[com.onesignal:OneSignal:3.12.2] AndroidManifest.xml:35:5-88
47-->[com.onesignal:OneSignal:3.12.2] AndroidManifest.xml:35:22-85
48    <uses-permission android:name="com.sonymobile.home.permission.PROVIDER_INSERT_BADGE" /> <!-- Apex -->
48-->[com.onesignal:OneSignal:3.12.2] AndroidManifest.xml:36:5-92
48-->[com.onesignal:OneSignal:3.12.2] AndroidManifest.xml:36:22-89
49    <uses-permission android:name="com.anddoes.launcher.permission.UPDATE_COUNT" /> <!-- Solid -->
49-->[com.onesignal:OneSignal:3.12.2] AndroidManifest.xml:37:5-84
49-->[com.onesignal:OneSignal:3.12.2] AndroidManifest.xml:37:22-81
50    <uses-permission android:name="com.majeur.launcher.permission.UPDATE_BADGE" /> <!-- Huawei -->
50-->[com.onesignal:OneSignal:3.12.2] AndroidManifest.xml:38:5-83
50-->[com.onesignal:OneSignal:3.12.2] AndroidManifest.xml:38:22-80
51    <uses-permission android:name="com.huawei.android.launcher.permission.CHANGE_BADGE" />
51-->[com.onesignal:OneSignal:3.12.2] AndroidManifest.xml:39:5-91
51-->[com.onesignal:OneSignal:3.12.2] AndroidManifest.xml:39:22-88
52    <uses-permission android:name="com.huawei.android.launcher.permission.READ_SETTINGS" />
52-->[com.onesignal:OneSignal:3.12.2] AndroidManifest.xml:40:5-92
52-->[com.onesignal:OneSignal:3.12.2] AndroidManifest.xml:40:22-89
53    <uses-permission android:name="com.huawei.android.launcher.permission.WRITE_SETTINGS" /> <!-- ZUK -->
53-->[com.onesignal:OneSignal:3.12.2] AndroidManifest.xml:41:5-93
53-->[com.onesignal:OneSignal:3.12.2] AndroidManifest.xml:41:22-90
54    <uses-permission android:name="android.permission.READ_APP_BADGE" /> <!-- OPPO -->
54-->[com.onesignal:OneSignal:3.12.2] AndroidManifest.xml:42:5-73
54-->[com.onesignal:OneSignal:3.12.2] AndroidManifest.xml:42:22-70
55    <uses-permission android:name="com.oppo.launcher.permission.READ_SETTINGS" />
55-->[com.onesignal:OneSignal:3.12.2] AndroidManifest.xml:43:5-82
55-->[com.onesignal:OneSignal:3.12.2] AndroidManifest.xml:43:22-79
56    <uses-permission android:name="com.oppo.launcher.permission.WRITE_SETTINGS" /> <!-- EvMe -->
56-->[com.onesignal:OneSignal:3.12.2] AndroidManifest.xml:44:5-83
56-->[com.onesignal:OneSignal:3.12.2] AndroidManifest.xml:44:22-80
57    <uses-permission android:name="me.everything.badger.permission.BADGE_COUNT_READ" />
57-->[com.onesignal:OneSignal:3.12.2] AndroidManifest.xml:45:5-88
57-->[com.onesignal:OneSignal:3.12.2] AndroidManifest.xml:45:22-85
58    <uses-permission android:name="me.everything.badger.permission.BADGE_COUNT_WRITE" />
58-->[com.onesignal:OneSignal:3.12.2] AndroidManifest.xml:46:5-89
58-->[com.onesignal:OneSignal:3.12.2] AndroidManifest.xml:46:22-86
59    <uses-permission android:name="com.google.android.finsky.permission.BIND_GET_INSTALL_REFERRER_SERVICE" />
59-->[com.google.android.gms:play-services-measurement:16.4.0] AndroidManifest.xml:26:5-110
59-->[com.google.android.gms:play-services-measurement:16.4.0] AndroidManifest.xml:26:22-107
60
61    <application
61-->src\main\AndroidManifest.xml:21:5-112:19
62        android:name="com.kdrama.app.kr_utl.MyAppClass"
62-->src\main\AndroidManifest.xml:22:9-56
63        android:allowBackup="true"
63-->src\main\AndroidManifest.xml:23:9-35
64        android:appComponentFactory="androidx.core.app.CoreComponentFactory"
64-->[androidx.core:core:1.1.0] AndroidManifest.xml:24:18-86
65        android:debuggable="true"
66        android:icon="@mipmap/ic_launcher"
66-->src\main\AndroidManifest.xml:24:9-43
67        android:label="@string/app_name"
67-->src\main\AndroidManifest.xml:25:9-41
68        android:roundIcon="@mipmap/ic_launcher_round"
68-->src\main\AndroidManifest.xml:26:9-54
69        android:supportsRtl="true"
69-->src\main\AndroidManifest.xml:27:9-35
70        android:theme="@style/AppTheme"
70-->src\main\AndroidManifest.xml:28:9-40
71        android:usesCleartextTraffic="true" >
71-->src\main\AndroidManifest.xml:29:9-44
72        <activity
72-->src\main\AndroidManifest.xml:31:9-33:63
73            android:name="com.kdrama.app.WebViewActivity"
73-->src\main\AndroidManifest.xml:31:19-64
74            android:screenOrientation="landscape"
74-->src\main\AndroidManifest.xml:32:13-50
75            android:theme="@style/FullscreenTheme" />
75-->src\main\AndroidManifest.xml:33:13-51
76
77        <meta-data
77-->src\main\AndroidManifest.xml:35:9-37:70
78            android:name="com.google.android.gms.ads.APPLICATION_ID"
78-->src\main\AndroidManifest.xml:36:13-69
79            android:value="ca-app-pub-8804184340526788~7833821786" />
79-->src\main\AndroidManifest.xml:37:13-67
80        <meta-data
80-->src\main\AndroidManifest.xml:38:9-40:39
81            android:name="com.onesignal.NotificationOpened.DEFAULT"
81-->src\main\AndroidManifest.xml:39:13-68
82            android:value="DISABLE" />
82-->src\main\AndroidManifest.xml:40:13-36
83        <meta-data
83-->src\main\AndroidManifest.xml:41:9-43:97
84            android:name="com.google.android.gms.cast.framework.OPTIONS_PROVIDER_CLASS_NAME"
84-->src\main\AndroidManifest.xml:42:13-93
85            android:value="com.google.android.exoplayer2.ext.cast.DefaultCastOptionsProvider" />
85-->src\main\AndroidManifest.xml:43:13-94
86
87        <activity
87-->src\main\AndroidManifest.xml:45:9-48:53
88            android:name="com.kdrama.app.TermsActivity"
88-->src\main\AndroidManifest.xml:46:13-56
89            android:screenOrientation="portrait"
89-->src\main\AndroidManifest.xml:47:13-49
90            android:theme="@style/AppTheme.Nobar" />
90-->src\main\AndroidManifest.xml:48:13-50
91        <activity
91-->src\main\AndroidManifest.xml:49:9-53:59
92            android:name="com.kdrama.app.ReplyActivity"
92-->src\main\AndroidManifest.xml:50:13-56
93            android:label="@string/title_activity_reply"
93-->src\main\AndroidManifest.xml:51:13-57
94            android:screenOrientation="portrait"
94-->src\main\AndroidManifest.xml:52:13-49
95            android:theme="@style/AppTheme.NoActionBar" />
95-->src\main\AndroidManifest.xml:53:13-56
96        <activity
96-->src\main\AndroidManifest.xml:54:9-57:53
97            android:name="com.kdrama.app.ProfileActivity"
97-->src\main\AndroidManifest.xml:55:13-58
98            android:screenOrientation="portrait"
98-->src\main\AndroidManifest.xml:56:13-49
99            android:theme="@style/AppTheme.Nobar" />
99-->src\main\AndroidManifest.xml:57:13-50
100        <activity
100-->src\main\AndroidManifest.xml:58:9-61:53
101            android:name="com.kdrama.app.PassResetActivity"
101-->src\main\AndroidManifest.xml:59:13-60
102            android:screenOrientation="portrait"
102-->src\main\AndroidManifest.xml:60:13-49
103            android:theme="@style/AppTheme.Nobar" />
103-->src\main\AndroidManifest.xml:61:13-50
104        <activity
104-->src\main\AndroidManifest.xml:62:9-65:53
105            android:name="com.kdrama.app.SearchActivity"
105-->src\main\AndroidManifest.xml:63:13-57
106            android:screenOrientation="portrait"
106-->src\main\AndroidManifest.xml:64:13-49
107            android:theme="@style/AppTheme.Nobar" />
107-->src\main\AndroidManifest.xml:65:13-50
108        <activity
108-->src\main\AndroidManifest.xml:66:9-69:53
109            android:name="com.kdrama.app.SignUpActivity"
109-->src\main\AndroidManifest.xml:67:13-57
110            android:screenOrientation="portrait"
110-->src\main\AndroidManifest.xml:68:13-49
111            android:theme="@style/AppTheme.Nobar" />
111-->src\main\AndroidManifest.xml:69:13-50
112        <activity
112-->src\main\AndroidManifest.xml:70:9-73:53
113            android:name="com.kdrama.app.LoginActivity"
113-->src\main\AndroidManifest.xml:71:13-56
114            android:screenOrientation="portrait"
114-->src\main\AndroidManifest.xml:72:13-49
115            android:theme="@style/AppTheme.Nobar" />
115-->src\main\AndroidManifest.xml:73:13-50
116        <activity
116-->src\main\AndroidManifest.xml:74:9-78:59
117            android:name="com.kdrama.app.DetailsActivity"
117-->src\main\AndroidManifest.xml:75:13-58
118            android:configChanges="screenLayout|screenSize|orientation"
118-->src\main\AndroidManifest.xml:76:13-72
119            android:label="@string/title_activity_details"
119-->src\main\AndroidManifest.xml:77:13-59
120            android:theme="@style/AppTheme.NoActionBar" /> <!-- android:configChanges="screenLayout|screenSize|orientation" -->
120-->src\main\AndroidManifest.xml:78:13-56
121        <activity
121-->src\main\AndroidManifest.xml:79:9-83:55
122            android:name="com.kdrama.app.MainActivity"
122-->src\main\AndroidManifest.xml:80:13-55
123            android:screenOrientation="portrait"
123-->src\main\AndroidManifest.xml:81:13-49
124            android:theme="@style/AppTheme.Nobar"
124-->src\main\AndroidManifest.xml:82:13-50
125            android:windowSoftInputMode="adjustPan" />
125-->src\main\AndroidManifest.xml:83:13-52
126        <activity
126-->src\main\AndroidManifest.xml:84:9-86:53
127            android:name="com.kdrama.app.SettingsActivity"
127-->src\main\AndroidManifest.xml:85:13-59
128            android:theme="@style/AppTheme.Nobar" />
128-->src\main\AndroidManifest.xml:86:13-50
129        <activity
129-->src\main\AndroidManifest.xml:87:9-97:20
130            android:name="com.kdrama.app.SplashscreenActivity"
130-->src\main\AndroidManifest.xml:88:13-63
131            android:configChanges="orientation|keyboardHidden|screenSize"
131-->src\main\AndroidManifest.xml:89:13-74
132            android:screenOrientation="portrait"
132-->src\main\AndroidManifest.xml:90:13-49
133            android:theme="@style/FullscreenTheme" >
133-->src\main\AndroidManifest.xml:91:13-51
134            <intent-filter>
134-->src\main\AndroidManifest.xml:92:13-96:29
135                <action android:name="android.intent.action.MAIN" />
135-->src\main\AndroidManifest.xml:93:17-69
135-->src\main\AndroidManifest.xml:93:25-66
136
137                <category android:name="android.intent.category.LAUNCHER" />
137-->src\main\AndroidManifest.xml:95:17-77
137-->src\main\AndroidManifest.xml:95:27-74
138            </intent-filter>
139        </activity>
140        <activity
140-->src\main\AndroidManifest.xml:98:9-102:59
141            android:name="com.kdrama.app.ItemMovieActivity"
141-->src\main\AndroidManifest.xml:99:13-60
142            android:label="@string/title_activity_item_show"
142-->src\main\AndroidManifest.xml:100:13-61
143            android:screenOrientation="portrait"
143-->src\main\AndroidManifest.xml:101:13-49
144            android:theme="@style/AppTheme.NoActionBar" />
144-->src\main\AndroidManifest.xml:102:13-56
145        <activity
145-->src\main\AndroidManifest.xml:103:9-106:53
146            android:name="com.kdrama.app.ItemTVActivity"
146-->src\main\AndroidManifest.xml:104:13-57
147            android:screenOrientation="portrait"
147-->src\main\AndroidManifest.xml:105:13-49
148            android:theme="@style/AppTheme.Nobar" />
148-->src\main\AndroidManifest.xml:106:13-50
149        <activity
149-->src\main\AndroidManifest.xml:107:9-110:53
150            android:name="com.kdrama.app.ItemSeriesActivity"
150-->src\main\AndroidManifest.xml:108:13-61
151            android:screenOrientation="portrait"
151-->src\main\AndroidManifest.xml:109:13-49
152            android:theme="@style/AppTheme.Nobar" />
152-->src\main\AndroidManifest.xml:110:13-50
153        <activity android:name="com.kdrama.app.UpdateActivity" />
153-->src\main\AndroidManifest.xml:111:9-65
153-->src\main\AndroidManifest.xml:111:19-63
154
155        <receiver
155-->[com.google.android.gms:play-services-cast-framework:15.0.1] AndroidManifest.xml:8:9-10:40
156            android:name="com.google.android.gms.cast.framework.media.MediaIntentReceiver"
156-->[com.google.android.gms:play-services-cast-framework:15.0.1] AndroidManifest.xml:9:13-91
157            android:exported="false" />
157-->[com.google.android.gms:play-services-cast-framework:15.0.1] AndroidManifest.xml:10:13-37
158
159        <service android:name="com.google.android.gms.cast.framework.media.MediaNotificationService" />
159-->[com.google.android.gms:play-services-cast-framework:15.0.1] AndroidManifest.xml:12:9-104
159-->[com.google.android.gms:play-services-cast-framework:15.0.1] AndroidManifest.xml:12:18-101
160        <service android:name="com.google.android.gms.cast.framework.ReconnectionService" />
160-->[com.google.android.gms:play-services-cast-framework:15.0.1] AndroidManifest.xml:13:9-93
160-->[com.google.android.gms:play-services-cast-framework:15.0.1] AndroidManifest.xml:13:18-90
161
162        <meta-data
162-->[com.onesignal:OneSignal:3.12.2] AndroidManifest.xml:49:9-51:51
163            android:name="onesignal_app_id"
163-->[com.onesignal:OneSignal:3.12.2] AndroidManifest.xml:50:13-44
164            android:value="d9dea185-6375-4b68-b48b-a73950b5cf17" /> <!-- Deprecated - Pulled from OneSignal dashboard. -->
164-->[com.onesignal:OneSignal:3.12.2] AndroidManifest.xml:51:13-48
165        <meta-data
165-->[com.onesignal:OneSignal:3.12.2] AndroidManifest.xml:53:9-55:70
166            android:name="onesignal_google_project_number"
166-->[com.onesignal:OneSignal:3.12.2] AndroidManifest.xml:54:13-59
167            android:value="str:REMOTE" />
167-->[com.onesignal:OneSignal:3.12.2] AndroidManifest.xml:55:13-67
168
169        <receiver
169-->[com.onesignal:OneSignal:3.12.2] AndroidManifest.xml:57:9-67:20
170            android:name="com.onesignal.GcmBroadcastReceiver"
170-->[com.onesignal:OneSignal:3.12.2] AndroidManifest.xml:58:13-62
171            android:permission="com.google.android.c2dm.permission.SEND" >
171-->[com.onesignal:OneSignal:3.12.2] AndroidManifest.xml:59:13-73
172
173            <!-- High priority so OneSignal payloads can be filtered from other GCM receivers if filterOtherGCMReceivers is enabled. -->
174            <intent-filter android:priority="999" >
174-->[com.onesignal:OneSignal:3.12.2] AndroidManifest.xml:62:13-66:29
174-->[com.onesignal:OneSignal:3.12.2] AndroidManifest.xml:62:28-50
175                <action android:name="com.google.android.c2dm.intent.RECEIVE" />
175-->[com.onesignal:OneSignal:3.12.2] AndroidManifest.xml:63:17-81
175-->[com.onesignal:OneSignal:3.12.2] AndroidManifest.xml:63:25-78
176
177                <category android:name="com.kdrama.app" />
177-->[com.onesignal:OneSignal:3.12.2] AndroidManifest.xml:65:17-61
177-->[com.onesignal:OneSignal:3.12.2] AndroidManifest.xml:65:27-58
178            </intent-filter>
179        </receiver>
180        <receiver android:name="com.onesignal.NotificationOpenedReceiver" />
180-->[com.onesignal:OneSignal:3.12.2] AndroidManifest.xml:68:9-77
180-->[com.onesignal:OneSignal:3.12.2] AndroidManifest.xml:68:19-74
181
182        <service android:name="com.onesignal.GcmIntentService" />
182-->[com.onesignal:OneSignal:3.12.2] AndroidManifest.xml:70:9-66
182-->[com.onesignal:OneSignal:3.12.2] AndroidManifest.xml:70:18-63
183        <service
183-->[com.onesignal:OneSignal:3.12.2] AndroidManifest.xml:71:9-73:72
184            android:name="com.onesignal.GcmIntentJobService"
184-->[com.onesignal:OneSignal:3.12.2] AndroidManifest.xml:72:13-61
185            android:permission="android.permission.BIND_JOB_SERVICE" />
185-->[com.onesignal:OneSignal:3.12.2] AndroidManifest.xml:73:13-69
186        <service
186-->[com.onesignal:OneSignal:3.12.2] AndroidManifest.xml:74:9-76:72
187            android:name="com.onesignal.RestoreJobService"
187-->[com.onesignal:OneSignal:3.12.2] AndroidManifest.xml:75:13-59
188            android:permission="android.permission.BIND_JOB_SERVICE" />
188-->[com.onesignal:OneSignal:3.12.2] AndroidManifest.xml:76:13-69
189        <service
189-->[com.onesignal:OneSignal:3.12.2] AndroidManifest.xml:77:9-79:72
190            android:name="com.onesignal.RestoreKickoffJobService"
190-->[com.onesignal:OneSignal:3.12.2] AndroidManifest.xml:78:13-66
191            android:permission="android.permission.BIND_JOB_SERVICE" />
191-->[com.onesignal:OneSignal:3.12.2] AndroidManifest.xml:79:13-69
192        <service
192-->[com.onesignal:OneSignal:3.12.2] AndroidManifest.xml:80:9-82:43
193            android:name="com.onesignal.SyncService"
193-->[com.onesignal:OneSignal:3.12.2] AndroidManifest.xml:81:13-53
194            android:stopWithTask="true" />
194-->[com.onesignal:OneSignal:3.12.2] AndroidManifest.xml:82:13-40
195        <service
195-->[com.onesignal:OneSignal:3.12.2] AndroidManifest.xml:83:9-85:72
196            android:name="com.onesignal.SyncJobService"
196-->[com.onesignal:OneSignal:3.12.2] AndroidManifest.xml:84:13-56
197            android:permission="android.permission.BIND_JOB_SERVICE" />
197-->[com.onesignal:OneSignal:3.12.2] AndroidManifest.xml:85:13-69
198
199        <activity
199-->[com.onesignal:OneSignal:3.12.2] AndroidManifest.xml:87:9-89:75
200            android:name="com.onesignal.PermissionsActivity"
200-->[com.onesignal:OneSignal:3.12.2] AndroidManifest.xml:88:13-61
201            android:theme="@android:style/Theme.Translucent.NoTitleBar" />
201-->[com.onesignal:OneSignal:3.12.2] AndroidManifest.xml:89:13-72
202
203        <service android:name="com.onesignal.NotificationRestoreService" />
203-->[com.onesignal:OneSignal:3.12.2] AndroidManifest.xml:91:9-76
203-->[com.onesignal:OneSignal:3.12.2] AndroidManifest.xml:91:18-73
204
205        <receiver android:name="com.onesignal.BootUpReceiver" >
205-->[com.onesignal:OneSignal:3.12.2] AndroidManifest.xml:93:9-98:20
205-->[com.onesignal:OneSignal:3.12.2] AndroidManifest.xml:93:19-62
206            <intent-filter>
206-->[com.onesignal:OneSignal:3.12.2] AndroidManifest.xml:94:13-97:29
207                <action android:name="android.intent.action.BOOT_COMPLETED" />
207-->[com.onesignal:OneSignal:3.12.2] AndroidManifest.xml:95:17-79
207-->[com.onesignal:OneSignal:3.12.2] AndroidManifest.xml:95:25-76
208                <action android:name="android.intent.action.QUICKBOOT_POWERON" />
208-->[com.onesignal:OneSignal:3.12.2] AndroidManifest.xml:96:17-82
208-->[com.onesignal:OneSignal:3.12.2] AndroidManifest.xml:96:25-79
209            </intent-filter>
210        </receiver>
211        <receiver android:name="com.onesignal.UpgradeReceiver" >
211-->[com.onesignal:OneSignal:3.12.2] AndroidManifest.xml:99:9-103:20
211-->[com.onesignal:OneSignal:3.12.2] AndroidManifest.xml:99:19-63
212            <intent-filter>
212-->[com.onesignal:OneSignal:3.12.2] AndroidManifest.xml:100:13-102:29
213                <action android:name="android.intent.action.MY_PACKAGE_REPLACED" />
213-->[com.onesignal:OneSignal:3.12.2] AndroidManifest.xml:101:17-84
213-->[com.onesignal:OneSignal:3.12.2] AndroidManifest.xml:101:25-81
214            </intent-filter>
215        </receiver>
216
217        <activity
217-->[com.facebook.android:audience-network-sdk:5.6.0] AndroidManifest.xml:15:9-19:75
218            android:name="com.facebook.ads.AudienceNetworkActivity"
218-->[com.facebook.android:audience-network-sdk:5.6.0] AndroidManifest.xml:16:13-68
219            android:configChanges="keyboardHidden|orientation|screenSize"
219-->[com.facebook.android:audience-network-sdk:5.6.0] AndroidManifest.xml:17:13-74
220            android:exported="false"
220-->[com.facebook.android:audience-network-sdk:5.6.0] AndroidManifest.xml:18:13-37
221            android:theme="@android:style/Theme.Translucent.NoTitleBar" />
221-->[com.facebook.android:audience-network-sdk:5.6.0] AndroidManifest.xml:19:13-72
222        <activity
222-->[com.facebook.android:audience-network-sdk:5.6.0] AndroidManifest.xml:20:9-25:75
223            android:name="com.facebook.ads.internal.ipc.RemoteANActivity"
223-->[com.facebook.android:audience-network-sdk:5.6.0] AndroidManifest.xml:21:13-74
224            android:configChanges="keyboardHidden|orientation|screenSize"
224-->[com.facebook.android:audience-network-sdk:5.6.0] AndroidManifest.xml:22:13-74
225            android:exported="false"
225-->[com.facebook.android:audience-network-sdk:5.6.0] AndroidManifest.xml:23:13-37
226            android:process=":adnw"
226-->[com.facebook.android:audience-network-sdk:5.6.0] AndroidManifest.xml:24:13-36
227            android:theme="@android:style/Theme.Translucent.NoTitleBar" />
227-->[com.facebook.android:audience-network-sdk:5.6.0] AndroidManifest.xml:25:13-72
228
229        <service
229-->[com.facebook.android:audience-network-sdk:5.6.0] AndroidManifest.xml:27:9-29:40
230            android:name="com.facebook.ads.internal.ipc.AdsProcessPriorityService"
230-->[com.facebook.android:audience-network-sdk:5.6.0] AndroidManifest.xml:28:13-83
231            android:exported="false" />
231-->[com.facebook.android:audience-network-sdk:5.6.0] AndroidManifest.xml:29:13-37
232        <service
232-->[com.facebook.android:audience-network-sdk:5.6.0] AndroidManifest.xml:30:9-33:39
233            android:name="com.facebook.ads.internal.ipc.AdsMessengerService"
233-->[com.facebook.android:audience-network-sdk:5.6.0] AndroidManifest.xml:31:13-77
234            android:exported="false"
234-->[com.facebook.android:audience-network-sdk:5.6.0] AndroidManifest.xml:32:13-37
235            android:process=":adnw" />
235-->[com.facebook.android:audience-network-sdk:5.6.0] AndroidManifest.xml:33:13-36
236
237        <provider
237-->[com.facebook.android:audience-network-sdk:5.6.0] AndroidManifest.xml:35:9-38:40
238            android:name="com.facebook.ads.AudienceNetworkContentProvider"
238-->[com.facebook.android:audience-network-sdk:5.6.0] AndroidManifest.xml:36:13-75
239            android:authorities="com.kdrama.app.AudienceNetworkContentProvider"
239-->[com.facebook.android:audience-network-sdk:5.6.0] AndroidManifest.xml:37:13-82
240            android:exported="false" />
240-->[com.facebook.android:audience-network-sdk:5.6.0] AndroidManifest.xml:38:13-37
241        <!--
242             FirebaseMessagingService performs security checks at runtime,
243             no need for explicit permissions despite exported="true"
244        -->
245        <service
245-->[com.google.firebase:firebase-messaging:17.3.3] AndroidManifest.xml:28:9-34:19
246            android:name="com.google.firebase.messaging.FirebaseMessagingService"
246-->[com.google.firebase:firebase-messaging:17.3.3] AndroidManifest.xml:29:13-82
247            android:exported="true" >
247-->[com.google.firebase:firebase-messaging:17.3.3] AndroidManifest.xml:30:13-36
248            <intent-filter android:priority="-500" >
248-->[com.google.firebase:firebase-messaging:17.3.3] AndroidManifest.xml:31:13-33:29
248-->[com.google.firebase:firebase-messaging:17.3.3] AndroidManifest.xml:31:28-51
249                <action android:name="com.google.firebase.MESSAGING_EVENT" />
249-->[com.google.firebase:firebase-messaging:17.3.3] AndroidManifest.xml:32:17-78
249-->[com.google.firebase:firebase-messaging:17.3.3] AndroidManifest.xml:32:25-75
250            </intent-filter>
251        </service>
252
253        <receiver
253-->[com.google.android.gms:play-services-measurement:16.4.0] AndroidManifest.xml:29:9-33:20
254            android:name="com.google.android.gms.measurement.AppMeasurementReceiver"
254-->[com.google.android.gms:play-services-measurement:16.4.0] AndroidManifest.xml:30:13-85
255            android:enabled="true"
255-->[com.google.android.gms:play-services-measurement:16.4.0] AndroidManifest.xml:31:13-35
256            android:exported="false" >
256-->[com.google.android.gms:play-services-measurement:16.4.0] AndroidManifest.xml:32:13-37
257        </receiver>
258        <receiver
258-->[com.google.android.gms:play-services-measurement:16.4.0] AndroidManifest.xml:34:9-42:20
259            android:name="com.google.android.gms.measurement.AppMeasurementInstallReferrerReceiver"
259-->[com.google.android.gms:play-services-measurement:16.4.0] AndroidManifest.xml:35:13-100
260            android:enabled="true"
260-->[com.google.android.gms:play-services-measurement:16.4.0] AndroidManifest.xml:36:13-35
261            android:exported="true"
261-->[com.google.android.gms:play-services-measurement:16.4.0] AndroidManifest.xml:37:13-36
262            android:permission="android.permission.INSTALL_PACKAGES" >
262-->[com.google.android.gms:play-services-measurement:16.4.0] AndroidManifest.xml:38:13-69
263            <intent-filter>
263-->[com.google.android.gms:play-services-measurement:16.4.0] AndroidManifest.xml:39:13-41:29
264                <action android:name="com.android.vending.INSTALL_REFERRER" />
264-->[com.google.android.gms:play-services-measurement:16.4.0] AndroidManifest.xml:40:17-79
264-->[com.google.android.gms:play-services-measurement:16.4.0] AndroidManifest.xml:40:25-76
265            </intent-filter>
266        </receiver>
267
268        <service
268-->[com.google.android.gms:play-services-measurement:16.4.0] AndroidManifest.xml:44:9-47:40
269            android:name="com.google.android.gms.measurement.AppMeasurementService"
269-->[com.google.android.gms:play-services-measurement:16.4.0] AndroidManifest.xml:45:13-84
270            android:enabled="true"